INFO [2024-04-13 17:32:32] $x
INFO [2024-04-13 17:32:32] category_colors
INFO [2024-04-13 17:32:32] 
INFO [2024-04-13 17:32:32] $category.names
INFO [2024-04-13 17:32:32] c("Near Colourless", "Faint", "Colourless")
INFO [2024-04-13 17:32:32] 
INFO [2024-04-13 17:32:32] $filename
INFO [2024-04-13 17:32:32] NULL
INFO [2024-04-13 17:32:32] 
INFO [2024-04-13 17:32:32] $fill
INFO [2024-04-13 17:32:32] c("lightblue", "pink", "lightgreen")
INFO [2024-04-13 17:32:32] 
INFO [2024-04-13 17:32:32] $alpha
INFO [2024-04-13 17:32:32] [1] 0.5
INFO [2024-04-13 17:32:32] 
INFO [2024-04-13 17:32:32] $cex
INFO [2024-04-13 17:32:32] [1] 1.5
INFO [2024-04-13 17:32:32] 
INFO [2024-04-13 17:32:32] $cat.cex
INFO [2024-04-13 17:32:32] [1] 1.5
INFO [2024-04-13 17:32:32] 
INFO [2024-04-13 17:32:32] $cat.fontface
INFO [2024-04-13 17:32:32] [1] "bold"
INFO [2024-04-13 17:32:32] 
INFO [2024-04-13 17:32:32] $cat.default.pos
INFO [2024-04-13 17:32:32] [1] "text"
INFO [2024-04-13 17:32:32] 
INFO [2024-04-13 17:32:32] $euler.d
INFO [2024-04-13 17:32:32] [1] TRUE
INFO [2024-04-13 17:32:32] 
