INFO [2024-04-13 17:13:25] $x
INFO [2024-04-13 17:13:25] list(`Near Colourless` = near_colourless_counts, Faint = faint_counts, 
INFO [2024-04-13 17:13:25]     Colourless = colourless_counts)
INFO [2024-04-13 17:13:25] 
INFO [2024-04-13 17:13:25] $category.names
INFO [2024-04-13 17:13:25] c("Near Colourless", "Faint", "Colourless")
INFO [2024-04-13 17:13:25] 
INFO [2024-04-13 17:13:25] $filename
INFO [2024-04-13 17:13:25] NULL
INFO [2024-04-13 17:13:25] 
INFO [2024-04-13 17:13:25] $fill
INFO [2024-04-13 17:13:25] c("lightblue", "pink", "lightgreen")
INFO [2024-04-13 17:13:25] 
INFO [2024-04-13 17:13:25] $alpha
INFO [2024-04-13 17:13:25] [1] 0.5
INFO [2024-04-13 17:13:25] 
INFO [2024-04-13 17:13:25] $cex
INFO [2024-04-13 17:13:25] [1] 1.5
INFO [2024-04-13 17:13:25] 
INFO [2024-04-13 17:13:25] $cat.cex
INFO [2024-04-13 17:13:25] [1] 1.5
INFO [2024-04-13 17:13:25] 
INFO [2024-04-13 17:13:25] $cat.fontface
INFO [2024-04-13 17:13:25] [1] "bold"
INFO [2024-04-13 17:13:25] 
INFO [2024-04-13 17:13:25] $cat.default.pos
INFO [2024-04-13 17:13:25] [1] "text"
INFO [2024-04-13 17:13:25] 
